<?xml version="1.0" encoding="UTF-8"?>
<coverage generated="1686193419023" clover="3.2.0">
  <project timestamp="1686193419023" name="All files">
    <metrics statements="25" coveredstatements="25" conditionals="8" coveredconditionals="7" methods="12" coveredmethods="12" elements="45" coveredelements="44" complexity="0" loc="25" ncloc="25" packages="5" files="7" classes="7"/>
    <package name="TestingLibraryRN">
      <metrics statements="1" coveredstatements="1" conditionals="0" coveredconditionals="0" methods="1" coveredmethods="1"/>
      <file name="App.js" path="/Users/alexandremarques/Development/COURSES/MOBILE/REACT_NATIVE/TestingLibraryRN/App.js">
        <metrics statements="1" coveredstatements="1" conditionals="0" coveredconditionals="0" methods="1" coveredmethods="1"/>
        <line num="5" count="11" type="stmt"/>
      </file>
    </package>
    <package name="TestingLibraryRN.src.components.AddList">
      <metrics statements="2" coveredstatements="2" conditionals="0" coveredconditionals="0" methods="1" coveredmethods="1"/>
      <file name="index.js" path="/Users/alexandremarques/Development/COURSES/MOBILE/REACT_NATIVE/TestingLibraryRN/src/components/AddList/index.js">
        <metrics statements="2" coveredstatements="2" conditionals="0" coveredconditionals="0" methods="1" coveredmethods="1"/>
        <line num="11" count="30" type="stmt"/>
        <line num="34" count="1" type="stmt"/>
      </file>
    </package>
    <package name="TestingLibraryRN.src.components.Error">
      <metrics statements="2" coveredstatements="2" conditionals="2" coveredconditionals="2" methods="1" coveredmethods="1"/>
      <file name="index.js" path="/Users/alexandremarques/Development/COURSES/MOBILE/REACT_NATIVE/TestingLibraryRN/src/components/Error/index.js">
        <metrics statements="2" coveredstatements="2" conditionals="2" coveredconditionals="2" methods="1" coveredmethods="1"/>
        <line num="5" count="30" type="stmt"/>
        <line num="12" count="1" type="stmt"/>
      </file>
    </package>
    <package name="TestingLibraryRN.src.components.ItemsList">
      <metrics statements="5" coveredstatements="5" conditionals="0" coveredconditionals="0" methods="4" coveredmethods="4"/>
      <file name="index.js" path="/Users/alexandremarques/Development/COURSES/MOBILE/REACT_NATIVE/TestingLibraryRN/src/components/ItemsList/index.js">
        <metrics statements="4" coveredstatements="4" conditionals="0" coveredconditionals="0" methods="4" coveredmethods="4"/>
        <line num="8" count="10" type="stmt"/>
        <line num="15" count="1" type="stmt"/>
        <line num="22" count="30" type="stmt"/>
        <line num="27" count="13" type="stmt"/>
      </file>
      <file name="styles.js" path="/Users/alexandremarques/Development/COURSES/MOBILE/REACT_NATIVE/TestingLibraryRN/src/components/ItemsList/styles.js">
        <metrics statements="1" coveredstatements="1" conditionals="0" coveredconditionals="0" methods="0" coveredmethods="0"/>
        <line num="3" count="1" type="stmt"/>
      </file>
    </package>
    <package name="TestingLibraryRN.src.screens.Home">
      <metrics statements="15" coveredstatements="15" conditionals="6" coveredconditionals="5" methods="5" coveredmethods="5"/>
      <file name="index.js" path="/Users/alexandremarques/Development/COURSES/MOBILE/REACT_NATIVE/TestingLibraryRN/src/screens/Home/index.js">
        <metrics statements="14" coveredstatements="14" conditionals="4" coveredconditionals="4" methods="5" coveredmethods="5"/>
        <line num="13" count="30" type="stmt"/>
        <line num="14" count="30" type="stmt"/>
        <line num="15" count="30" type="stmt"/>
        <line num="18" count="10" type="cond" truecount="2" falsecount="0"/>
        <line num="20" count="10" type="cond" truecount="2" falsecount="0"/>
        <line num="21" count="2" type="stmt"/>
        <line num="22" count="2" type="stmt"/>
        <line num="25" count="8" type="stmt"/>
        <line num="32" count="8" type="stmt"/>
        <line num="33" count="8" type="stmt"/>
        <line num="37" count="1" type="stmt"/>
        <line num="40" count="30" type="stmt"/>
        <line num="41" count="11" type="stmt"/>
        <line num="44" count="30" type="stmt"/>
      </file>
      <file name="styles.js" path="/Users/alexandremarques/Development/COURSES/MOBILE/REACT_NATIVE/TestingLibraryRN/src/screens/Home/styles.js">
        <metrics statements="1" coveredstatements="1" conditionals="2" coveredconditionals="1" methods="0" coveredmethods="0"/>
        <line num="3" count="1" type="stmt"/>
      </file>
    </package>
  </project>
</coverage>
