{"/Users/alexandremarques/Development/COURSES/MOBILE/REACT_NATIVE/TestingLibraryRN/App.js": {"path":"/Users/alexandremarques/Development/COURSES/MOBILE/REACT_NATIVE/TestingLibraryRN/App.js","statementMap":{"0":{"start":{"line":5,"column":2},"end":{"line":5,"column":18}}},"fnMap":{"0":{"name":"App","decl":{"start":{"line":4,"column":24},"end":{"line":4,"column":27}},"loc":{"start":{"line":4,"column":30},"end":{"line":6,"column":1}},"line":4}},"branchMap":{},"s":{"0":10},"f":{"0":10},"b":{},"_coverageSchema":"1a1c01bbd47fc00a2c39e90264f33305004495a9","hash":"b77ae0836bb768cf80a93b598d630dfb0be38134"}
,"/Users/alexandremarques/Development/COURSES/MOBILE/REACT_NATIVE/TestingLibraryRN/src/components/AddList/index.js": {"path":"/Users/alexandremarques/Development/COURSES/MOBILE/REACT_NATIVE/TestingLibraryRN/src/components/AddList/index.js","statementMap":{"0":{"start":{"line":11,"column":2},"end":{"line":31,"column":4}},"1":{"start":{"line":34,"column":15},"end":{"line":63,"column":2}}},"fnMap":{"0":{"name":"AddList","decl":{"start":{"line":10,"column":24},"end":{"line":10,"column":31}},"loc":{"start":{"line":10,"column":65},"end":{"line":32,"column":1}},"line":10}},"branchMap":{},"s":{"0":27,"1":1},"f":{"0":27},"b":{},"_coverageSchema":"1a1c01bbd47fc00a2c39e90264f33305004495a9","hash":"96c5d255b7b8f585ae061bb1ef03152531696681"}
,"/Users/alexandremarques/Development/COURSES/MOBILE/REACT_NATIVE/TestingLibraryRN/src/components/Error/index.js": {"path":"/Users/alexandremarques/Development/COURSES/MOBILE/REACT_NATIVE/TestingLibraryRN/src/components/Error/index.js","statementMap":{"0":{"start":{"line":5,"column":2},"end":{"line":9,"column":4}},"1":{"start":{"line":12,"column":15},"end":{"line":24,"column":2}}},"fnMap":{"0":{"name":"Error","decl":{"start":{"line":4,"column":24},"end":{"line":4,"column":29}},"loc":{"start":{"line":4,"column":53},"end":{"line":10,"column":1}},"line":4}},"branchMap":{"0":{"loc":{"start":{"line":7,"column":34},"end":{"line":7,"column":53}},"type":"binary-expr","locations":[{"start":{"line":7,"column":34},"end":{"line":7,"column":41}},{"start":{"line":7,"column":45},"end":{"line":7,"column":53}}],"line":7}},"s":{"0":27,"1":1},"f":{"0":27},"b":{"0":[27,3]},"_coverageSchema":"1a1c01bbd47fc00a2c39e90264f33305004495a9","hash":"f49466a15749a235d6c9240685c70997327fe805"}
,"/Users/alexandremarques/Development/COURSES/MOBILE/REACT_NATIVE/TestingLibraryRN/src/components/ItemsList/index.js": {"path":"/Users/alexandremarques/Development/COURSES/MOBILE/REACT_NATIVE/TestingLibraryRN/src/components/ItemsList/index.js","statementMap":{"0":{"start":{"line":14,"column":4},"end":{"line":25,"column":5}},"1":{"start":{"line":21,"column":31},"end":{"line":21,"column":48}},"2":{"start":{"line":27,"column":2},"end":{"line":37,"column":4}},"3":{"start":{"line":32,"column":30},"end":{"line":32,"column":45}}},"fnMap":{"0":{"name":"ItemList","decl":{"start":{"line":11,"column":24},"end":{"line":11,"column":32}},"loc":{"start":{"line":11,"column":53},"end":{"line":38,"column":1}},"line":11},"1":{"name":"renderItem","decl":{"start":{"line":13,"column":11},"end":{"line":13,"column":21}},"loc":{"start":{"line":13,"column":31},"end":{"line":26,"column":3}},"line":13},"2":{"name":"(anonymous_2)","decl":{"start":{"line":21,"column":25},"end":{"line":21,"column":26}},"loc":{"start":{"line":21,"column":31},"end":{"line":21,"column":48}},"line":21},"3":{"name":"(anonymous_3)","decl":{"start":{"line":32,"column":22},"end":{"line":32,"column":23}},"loc":{"start":{"line":32,"column":30},"end":{"line":32,"column":45}},"line":32}},"branchMap":{},"s":{"0":9,"1":1,"2":27,"3":12},"f":{"0":27,"1":9,"2":1,"3":12},"b":{},"_coverageSchema":"1a1c01bbd47fc00a2c39e90264f33305004495a9","hash":"d8f3ed368e5268135a5e0cd3014128b401dc0db0"}
,"/Users/alexandremarques/Development/COURSES/MOBILE/REACT_NATIVE/TestingLibraryRN/src/components/ItemsList/styles.js": {"path":"/Users/alexandremarques/Development/COURSES/MOBILE/REACT_NATIVE/TestingLibraryRN/src/components/ItemsList/styles.js","statementMap":{"0":{"start":{"line":3,"column":22},"end":{"line":32,"column":4}}},"fnMap":{},"branchMap":{},"s":{"0":1},"f":{},"b":{},"_coverageSchema":"1a1c01bbd47fc00a2c39e90264f33305004495a9","hash":"f7c33c0545d41f12eee67a7b93675fa31933ce6f"}
,"/Users/alexandremarques/Development/COURSES/MOBILE/REACT_NATIVE/TestingLibraryRN/src/screens/Home/index.js": {"path":"/Users/alexandremarques/Development/COURSES/MOBILE/REACT_NATIVE/TestingLibraryRN/src/screens/Home/index.js","statementMap":{"0":{"start":{"line":11,"column":26},"end":{"line":11,"column":38}},"1":{"start":{"line":12,"column":32},"end":{"line":12,"column":46}},"2":{"start":{"line":13,"column":28},"end":{"line":13,"column":43}},"3":{"start":{"line":16,"column":21},"end":{"line":16,"column":55}},"4":{"start":{"line":18,"column":4},"end":{"line":21,"column":5}},"5":{"start":{"line":19,"column":6},"end":{"line":19,"column":21}},"6":{"start":{"line":20,"column":6},"end":{"line":20,"column":13}},"7":{"start":{"line":23,"column":4},"end":{"line":29,"column":7}},"8":{"start":{"line":30,"column":4},"end":{"line":30,"column":20}},"9":{"start":{"line":31,"column":4},"end":{"line":31,"column":19}},"10":{"start":{"line":35,"column":4},"end":{"line":35,"column":49}},"11":{"start":{"line":35,"column":32},"end":{"line":35,"column":46}},"12":{"start":{"line":38,"column":2},"end":{"line":40,"column":9}},"13":{"start":{"line":39,"column":4},"end":{"line":39,"column":24}},"14":{"start":{"line":42,"column":2},"end":{"line":53,"column":4}},"15":{"start":{"line":56,"column":15},"end":{"line":65,"column":2}}},"fnMap":{"0":{"name":"Home","decl":{"start":{"line":10,"column":24},"end":{"line":10,"column":28}},"loc":{"start":{"line":10,"column":31},"end":{"line":54,"column":1}},"line":10},"1":{"name":"handleAdd","decl":{"start":{"line":15,"column":11},"end":{"line":15,"column":20}},"loc":{"start":{"line":15,"column":23},"end":{"line":32,"column":3}},"line":15},"2":{"name":"handleDelete","decl":{"start":{"line":34,"column":11},"end":{"line":34,"column":23}},"loc":{"start":{"line":34,"column":28},"end":{"line":36,"column":3}},"line":34},"3":{"name":"(anonymous_3)","decl":{"start":{"line":35,"column":24},"end":{"line":35,"column":25}},"loc":{"start":{"line":35,"column":32},"end":{"line":35,"column":46}},"line":35},"4":{"name":"(anonymous_4)","decl":{"start":{"line":38,"column":12},"end":{"line":38,"column":13}},"loc":{"start":{"line":38,"column":18},"end":{"line":40,"column":3}},"line":38}},"branchMap":{"0":{"loc":{"start":{"line":16,"column":21},"end":{"line":16,"column":55}},"type":"binary-expr","locations":[{"start":{"line":16,"column":21},"end":{"line":16,"column":37}},{"start":{"line":16,"column":41},"end":{"line":16,"column":55}}],"line":16},"1":{"loc":{"start":{"line":18,"column":4},"end":{"line":21,"column":5}},"type":"if","locations":[{"start":{"line":18,"column":4},"end":{"line":21,"column":5}},{"start":{},"end":{}}],"line":18},"2":{"loc":{"start":{"line":59,"column":15},"end":{"line":59,"column":45}},"type":"cond-expr","locations":[{"start":{"line":59,"column":39},"end":{"line":59,"column":41}},{"start":{"line":59,"column":44},"end":{"line":59,"column":45}}],"line":59}},"s":{"0":27,"1":27,"2":27,"3":9,"4":9,"5":2,"6":2,"7":7,"8":7,"9":7,"10":1,"11":1,"12":27,"13":10,"14":27,"15":1},"f":{"0":27,"1":9,"2":1,"3":1,"4":10},"b":{"0":[9,7],"1":[2,7],"2":[1,0]},"_coverageSchema":"1a1c01bbd47fc00a2c39e90264f33305004495a9","hash":"11ed87ca89533a04affe1849eefd7ba4d55ee2cd"}
}
