{"/Users/alexandremarques/Development/COURSES/MOBILE/REACT_NATIVE/TestingLibraryRN/App.js": {"path":"/Users/alexandremarques/Development/COURSES/MOBILE/REACT_NATIVE/TestingLibraryRN/App.js","statementMap":{"0":{"start":{"line":5,"column":2},"end":{"line":5,"column":18}}},"fnMap":{"0":{"name":"App","decl":{"start":{"line":4,"column":24},"end":{"line":4,"column":27}},"loc":{"start":{"line":4,"column":30},"end":{"line":6,"column":1}},"line":4}},"branchMap":{},"s":{"0":11},"f":{"0":11},"b":{},"_coverageSchema":"1a1c01bbd47fc00a2c39e90264f33305004495a9","hash":"b77ae0836bb768cf80a93b598d630dfb0be38134"}
,"/Users/alexandremarques/Development/COURSES/MOBILE/REACT_NATIVE/TestingLibraryRN/src/components/AddList/index.js": {"path":"/Users/alexandremarques/Development/COURSES/MOBILE/REACT_NATIVE/TestingLibraryRN/src/components/AddList/index.js","statementMap":{"0":{"start":{"line":11,"column":2},"end":{"line":31,"column":4}},"1":{"start":{"line":34,"column":15},"end":{"line":63,"column":2}}},"fnMap":{"0":{"name":"AddList","decl":{"start":{"line":10,"column":24},"end":{"line":10,"column":31}},"loc":{"start":{"line":10,"column":65},"end":{"line":32,"column":1}},"line":10}},"branchMap":{},"s":{"0":30,"1":1},"f":{"0":30},"b":{},"_coverageSchema":"1a1c01bbd47fc00a2c39e90264f33305004495a9","hash":"96c5d255b7b8f585ae061bb1ef03152531696681"}
,"/Users/alexandremarques/Development/COURSES/MOBILE/REACT_NATIVE/TestingLibraryRN/src/components/Error/index.js": {"path":"/Users/alexandremarques/Development/COURSES/MOBILE/REACT_NATIVE/TestingLibraryRN/src/components/Error/index.js","statementMap":{"0":{"start":{"line":5,"column":2},"end":{"line":9,"column":4}},"1":{"start":{"line":12,"column":15},"end":{"line":24,"column":2}}},"fnMap":{"0":{"name":"Error","decl":{"start":{"line":4,"column":24},"end":{"line":4,"column":29}},"loc":{"start":{"line":4,"column":53},"end":{"line":10,"column":1}},"line":4}},"branchMap":{"0":{"loc":{"start":{"line":7,"column":34},"end":{"line":7,"column":53}},"type":"binary-expr","locations":[{"start":{"line":7,"column":34},"end":{"line":7,"column":41}},{"start":{"line":7,"column":45},"end":{"line":7,"column":53}}],"line":7}},"s":{"0":30,"1":1},"f":{"0":30},"b":{"0":[30,3]},"_coverageSchema":"1a1c01bbd47fc00a2c39e90264f33305004495a9","hash":"f49466a15749a235d6c9240685c70997327fe805"}
,"/Users/alexandremarques/Development/COURSES/MOBILE/REACT_NATIVE/TestingLibraryRN/src/components/ItemsList/index.js": {"path":"/Users/alexandremarques/Development/COURSES/MOBILE/REACT_NATIVE/TestingLibraryRN/src/components/ItemsList/index.js","statementMap":{"0":{"start":{"line":8,"column":4},"end":{"line":20,"column":6}},"1":{"start":{"line":15,"column":25},"end":{"line":15,"column":42}},"2":{"start":{"line":22,"column":2},"end":{"line":32,"column":4}},"3":{"start":{"line":27,"column":30},"end":{"line":27,"column":45}}},"fnMap":{"0":{"name":"ItemList","decl":{"start":{"line":6,"column":24},"end":{"line":6,"column":32}},"loc":{"start":{"line":6,"column":53},"end":{"line":33,"column":1}},"line":6},"1":{"name":"renderItem","decl":{"start":{"line":7,"column":11},"end":{"line":7,"column":21}},"loc":{"start":{"line":7,"column":32},"end":{"line":21,"column":3}},"line":7},"2":{"name":"(anonymous_2)","decl":{"start":{"line":15,"column":19},"end":{"line":15,"column":20}},"loc":{"start":{"line":15,"column":25},"end":{"line":15,"column":42}},"line":15},"3":{"name":"(anonymous_3)","decl":{"start":{"line":27,"column":22},"end":{"line":27,"column":23}},"loc":{"start":{"line":27,"column":30},"end":{"line":27,"column":45}},"line":27}},"branchMap":{},"s":{"0":10,"1":1,"2":30,"3":13},"f":{"0":30,"1":10,"2":1,"3":13},"b":{},"_coverageSchema":"1a1c01bbd47fc00a2c39e90264f33305004495a9","hash":"034dde3c89a01bffb6a579f6cd4690f21bae9457"}
,"/Users/alexandremarques/Development/COURSES/MOBILE/REACT_NATIVE/TestingLibraryRN/src/components/ItemsList/styles.js": {"path":"/Users/alexandremarques/Development/COURSES/MOBILE/REACT_NATIVE/TestingLibraryRN/src/components/ItemsList/styles.js","statementMap":{"0":{"start":{"line":3,"column":22},"end":{"line":32,"column":4}}},"fnMap":{},"branchMap":{},"s":{"0":1},"f":{},"b":{},"_coverageSchema":"1a1c01bbd47fc00a2c39e90264f33305004495a9","hash":"f7c33c0545d41f12eee67a7b93675fa31933ce6f"}
,"/Users/alexandremarques/Development/COURSES/MOBILE/REACT_NATIVE/TestingLibraryRN/src/screens/Home/index.js": {"path":"/Users/alexandremarques/Development/COURSES/MOBILE/REACT_NATIVE/TestingLibraryRN/src/screens/Home/index.js","statementMap":{"0":{"start":{"line":13,"column":26},"end":{"line":13,"column":38}},"1":{"start":{"line":14,"column":32},"end":{"line":14,"column":46}},"2":{"start":{"line":15,"column":28},"end":{"line":15,"column":43}},"3":{"start":{"line":18,"column":21},"end":{"line":18,"column":55}},"4":{"start":{"line":20,"column":4},"end":{"line":23,"column":5}},"5":{"start":{"line":21,"column":6},"end":{"line":21,"column":21}},"6":{"start":{"line":22,"column":6},"end":{"line":22,"column":13}},"7":{"start":{"line":25,"column":4},"end":{"line":31,"column":7}},"8":{"start":{"line":32,"column":4},"end":{"line":32,"column":20}},"9":{"start":{"line":33,"column":4},"end":{"line":33,"column":19}},"10":{"start":{"line":37,"column":4},"end":{"line":37,"column":49}},"11":{"start":{"line":37,"column":32},"end":{"line":37,"column":46}},"12":{"start":{"line":40,"column":2},"end":{"line":42,"column":9}},"13":{"start":{"line":41,"column":4},"end":{"line":41,"column":24}},"14":{"start":{"line":44,"column":2},"end":{"line":55,"column":4}}},"fnMap":{"0":{"name":"Home","decl":{"start":{"line":12,"column":24},"end":{"line":12,"column":28}},"loc":{"start":{"line":12,"column":31},"end":{"line":56,"column":1}},"line":12},"1":{"name":"handleAdd","decl":{"start":{"line":17,"column":11},"end":{"line":17,"column":20}},"loc":{"start":{"line":17,"column":23},"end":{"line":34,"column":3}},"line":17},"2":{"name":"handleDelete","decl":{"start":{"line":36,"column":11},"end":{"line":36,"column":23}},"loc":{"start":{"line":36,"column":28},"end":{"line":38,"column":3}},"line":36},"3":{"name":"(anonymous_3)","decl":{"start":{"line":37,"column":24},"end":{"line":37,"column":25}},"loc":{"start":{"line":37,"column":32},"end":{"line":37,"column":46}},"line":37},"4":{"name":"(anonymous_4)","decl":{"start":{"line":40,"column":12},"end":{"line":40,"column":13}},"loc":{"start":{"line":40,"column":18},"end":{"line":42,"column":3}},"line":40}},"branchMap":{"0":{"loc":{"start":{"line":18,"column":21},"end":{"line":18,"column":55}},"type":"binary-expr","locations":[{"start":{"line":18,"column":21},"end":{"line":18,"column":37}},{"start":{"line":18,"column":41},"end":{"line":18,"column":55}}],"line":18},"1":{"loc":{"start":{"line":20,"column":4},"end":{"line":23,"column":5}},"type":"if","locations":[{"start":{"line":20,"column":4},"end":{"line":23,"column":5}},{"start":{},"end":{}}],"line":20}},"s":{"0":30,"1":30,"2":30,"3":10,"4":10,"5":2,"6":2,"7":8,"8":8,"9":8,"10":1,"11":1,"12":30,"13":11,"14":30},"f":{"0":30,"1":10,"2":1,"3":1,"4":11},"b":{"0":[10,8],"1":[2,8]},"_coverageSchema":"1a1c01bbd47fc00a2c39e90264f33305004495a9","hash":"fb4b0e9a87faad04a04be1c9ca9bf493dc663a6e"}
,"/Users/alexandremarques/Development/COURSES/MOBILE/REACT_NATIVE/TestingLibraryRN/src/screens/Home/styles.js": {"path":"/Users/alexandremarques/Development/COURSES/MOBILE/REACT_NATIVE/TestingLibraryRN/src/screens/Home/styles.js","statementMap":{"0":{"start":{"line":3,"column":15},"end":{"line":12,"column":2}}},"fnMap":{},"branchMap":{"0":{"loc":{"start":{"line":6,"column":15},"end":{"line":6,"column":45}},"type":"cond-expr","locations":[{"start":{"line":6,"column":39},"end":{"line":6,"column":41}},{"start":{"line":6,"column":44},"end":{"line":6,"column":45}}],"line":6}},"s":{"0":1},"f":{},"b":{"0":[1,0]},"_coverageSchema":"1a1c01bbd47fc00a2c39e90264f33305004495a9","hash":"afe0d5c56225ee7dd923441917e8223a82956fa4"}
}
