TN:
SF:App.js
FN:4,App
FNF:1
FNH:1
FNDA:10,App
DA:5,10
LF:1
LH:1
BRF:0
BRH:0
end_of_record
TN:
SF:src/components/AddList/index.js
FN:10,AddList
FNF:1
FNH:1
FNDA:27,AddList
DA:11,27
DA:34,1
LF:2
LH:2
BRF:0
BRH:0
end_of_record
TN:
SF:src/components/Error/index.js
FN:4,Error
FNF:1
FNH:1
FNDA:27,Error
DA:5,27
DA:12,1
LF:2
LH:2
BRDA:7,0,0,27
BRDA:7,0,1,3
BRF:2
BRH:2
end_of_record
TN:
SF:src/components/ItemsList/index.js
FN:11,ItemList
FN:13,renderItem
FN:21,(anonymous_2)
FN:32,(anonymous_3)
FNF:4
FNH:4
FNDA:27,ItemList
FNDA:9,renderItem
FNDA:1,(anonymous_2)
FNDA:12,(anonymous_3)
DA:14,9
DA:21,1
DA:27,27
DA:32,12
LF:4
LH:4
BRF:0
BRH:0
end_of_record
TN:
SF:src/components/ItemsList/styles.js
FNF:0
FNH:0
DA:3,1
LF:1
LH:1
BRF:0
BRH:0
end_of_record
TN:
SF:src/screens/Home/index.js
FN:10,Home
FN:15,handleAdd
FN:34,handleDelete
FN:35,(anonymous_3)
FN:38,(anonymous_4)
FNF:5
FNH:5
FNDA:27,Home
FNDA:9,handleAdd
FNDA:1,handleDelete
FNDA:1,(anonymous_3)
FNDA:10,(anonymous_4)
DA:11,27
DA:12,27
DA:13,27
DA:16,9
DA:18,9
DA:19,2
DA:20,2
DA:23,7
DA:30,7
DA:31,7
DA:35,1
DA:38,27
DA:39,10
DA:42,27
DA:56,1
LF:15
LH:15
BRDA:16,0,0,9
BRDA:16,0,1,7
BRDA:18,1,0,2
BRDA:18,1,1,7
BRDA:59,2,0,1
BRDA:59,2,1,0
BRF:6
BRH:5
end_of_record
