TN:
SF:App.js
FN:4,App
FNF:1
FNH:1
FNDA:11,App
DA:5,11
LF:1
LH:1
BRF:0
BRH:0
end_of_record
TN:
SF:src/components/AddList/index.js
FN:10,AddList
FNF:1
FNH:1
FNDA:30,AddList
DA:11,30
DA:34,1
LF:2
LH:2
BRF:0
BRH:0
end_of_record
TN:
SF:src/components/Error/index.js
FN:4,Error
FNF:1
FNH:1
FNDA:30,Error
DA:5,30
DA:12,1
LF:2
LH:2
BRDA:7,0,0,30
BRDA:7,0,1,3
BRF:2
BRH:2
end_of_record
TN:
SF:src/components/ItemsList/index.js
FN:6,ItemList
FN:7,renderItem
FN:15,(anonymous_2)
FN:27,(anonymous_3)
FNF:4
FNH:4
FNDA:30,ItemList
FNDA:10,renderItem
FNDA:1,(anonymous_2)
FNDA:13,(anonymous_3)
DA:8,10
DA:15,1
DA:22,30
DA:27,13
LF:4
LH:4
BRF:0
BRH:0
end_of_record
TN:
SF:src/components/ItemsList/styles.js
FNF:0
FNH:0
DA:3,1
LF:1
LH:1
BRF:0
BRH:0
end_of_record
TN:
SF:src/screens/Home/index.js
FN:12,Home
FN:17,handleAdd
FN:36,handleDelete
FN:37,(anonymous_3)
FN:40,(anonymous_4)
FNF:5
FNH:5
FNDA:30,Home
FNDA:10,handleAdd
FNDA:1,handleDelete
FNDA:1,(anonymous_3)
FNDA:11,(anonymous_4)
DA:13,30
DA:14,30
DA:15,30
DA:18,10
DA:20,10
DA:21,2
DA:22,2
DA:25,8
DA:32,8
DA:33,8
DA:37,1
DA:40,30
DA:41,11
DA:44,30
LF:14
LH:14
BRDA:18,0,0,10
BRDA:18,0,1,8
BRDA:20,1,0,2
BRDA:20,1,1,8
BRF:4
BRH:4
end_of_record
TN:
SF:src/screens/Home/styles.js
FNF:0
FNH:0
DA:3,1
LF:1
LH:1
BRDA:6,0,0,1
BRDA:6,0,1,0
BRF:2
BRH:1
end_of_record
